<?xml version="1.0"?>
<testsuites>
    <testsuite name="PhantomJS 1.9.8 (Mac OS X)" package="" timestamp="2014-12-16T10:48:30" id="0" hostname="foo" tests="1" errors="0" failures="0" time="4.061">
        <properties>
            <property name="browser.fullName" value="Mozilla/5.0 (Macintosh; Intel Mac OS X) AppleWebKit/534.34 (KHTML, like Gecko) PhantomJS/1.9.8 Safari/534.34"/>
        </properties>
        <testcase name="should test foo bar" time="0.005" classname="PhantomJS 1.9.8 (Mac OS X).Foo Apply"/>
    </testsuite>
</testsuites>
